CRITICAL - 2024-03-19 07:50:50 --> ErrorException: Maximum execution time of 60 seconds exceeded
in SYSTEMPATH\Database\MySQLi\Connection.php on line 307.
 1 [internal function]: CodeIgniter\Debug\Exceptions->shutdownHandler()
CRITICAL - 2024-03-19 08:01:45 --> Error: Call to a member function find() on null
in APPPATH\Controllers\PsikologController.php on line 193.
 1 SYSTEMPATH\CodeIgniter.php(941): App\Controllers\PsikologController->delete('4')
 2 SYSTEMPATH\CodeIgniter.php(502): CodeIgniter\CodeIgniter->runController(Object(App\Controllers\PsikologController))
 3 SYSTEMPATH\CodeIgniter.php(361): CodeIgniter\CodeIgniter->handleRequest(null, Object(Config\Cache), false)
 4 FCPATH\index.php(79): CodeIgniter\CodeIgniter->run()
 5 SYSTEMPATH\Commands\Server\rewrite.php(47): require_once('C:\\Users\\Mahesa Agung Sejati\\Documents\\SEMESTER 4\\psikolog_register\\public\\index.php')
CRITICAL - 2024-03-19 08:02:09 --> Error: Call to a member function find() on null
in APPPATH\Controllers\PsikologController.php on line 193.
 1 SYSTEMPATH\CodeIgniter.php(941): App\Controllers\PsikologController->delete('4')
 2 SYSTEMPATH\CodeIgniter.php(502): CodeIgniter\CodeIgniter->runController(Object(App\Controllers\PsikologController))
 3 SYSTEMPATH\CodeIgniter.php(361): CodeIgniter\CodeIgniter->handleRequest(null, Object(Config\Cache), false)
 4 FCPATH\index.php(79): CodeIgniter\CodeIgniter->run()
 5 SYSTEMPATH\Commands\Server\rewrite.php(47): require_once('C:\\Users\\Mahesa Agung Sejati\\Documents\\SEMESTER 4\\psikolog_register\\public\\index.php')
CRITICAL - 2024-03-19 08:09:18 --> Error: Call to a member function find() on null
in APPPATH\Controllers\PsikologController.php on line 193.
 1 SYSTEMPATH\CodeIgniter.php(941): App\Controllers\PsikologController->delete('13')
 2 SYSTEMPATH\CodeIgniter.php(502): CodeIgniter\CodeIgniter->runController(Object(App\Controllers\PsikologController))
 3 SYSTEMPATH\CodeIgniter.php(361): CodeIgniter\CodeIgniter->handleRequest(null, Object(Config\Cache), false)
 4 FCPATH\index.php(79): CodeIgniter\CodeIgniter->run()
 5 SYSTEMPATH\Commands\Server\rewrite.php(47): require_once('C:\\Users\\Mahesa Agung Sejati\\Documents\\SEMESTER 4\\psikolog_register\\public\\index.php')
